<?xml version="1.0" encoding="UTF-8"?>
<testsuite name="agh.ics.oop.AnimalTest" tests="4" skipped="0" failures="0" errors="0" timestamp="2022-11-01T15:16:18" hostname="Kacpers-MacBook-Pro.local" time="0.011">
  <properties/>
  <testcase name="parseTest()" classname="agh.ics.oop.AnimalTest" time="0.006"/>
  <testcase name="outOfMapTest()" classname="agh.ics.oop.AnimalTest" time="0.002"/>
  <testcase name="directionTest()" classname="agh.ics.oop.AnimalTest" time="0.001"/>
  <testcase name="moveTest()" classname="agh.ics.oop.AnimalTest" time="0.001"/>
  <system-out><![CDATA[]]></system-out>
  <system-err><![CDATA[]]></system-err>
</testsuite>
