<?xml version="1.0" encoding="UTF-8"?>
<testsuite name="agh.ics.oop.RectangularMapTest" tests="1" skipped="0" failures="0" errors="0" timestamp="2022-11-09T00:50:17" hostname="DESKTOP-OTB7E2E" time="0.04">
  <properties/>
  <testcase name="rectTest()" classname="agh.ics.oop.RectangularMapTest" time="0.04"/>
  <system-out><![CDATA[ y\x  0 1 2 3 4 5 6 7 8 910
  6: -----------------------
  5: | | | |N| | | | | | | |
  4: | | | | | | | | | | | |
  3: | | | | | | | | | | | |
  2: | | | | | | | | | | | |
  1: | | | | | | | | | | | |
  0: | | |S| | | | | | | | |
 -1: -----------------------

]]></system-out>
  <system-err><![CDATA[]]></system-err>
</testsuite>
